app/build/outputs/logs/manifest-merger-an_bei-debug-report.txt
-- Merging decision tree log ---
manifest
ADDED from src/main/AndroidManifest.xml:2:1-594:12
	package
		ADDED from src/main/AndroidManifest.xml:3:11-38
		INJECTED from src/main/AndroidManifest.xml
		INJECTED from src/main/AndroidManifest.xml
	android:versionName
		INJECTED from src/main/AndroidManifest.xml
		INJECTED from src/main/AndroidManifest.xml
	xmlns:android
		ADDED from src/main/AndroidManifest.xml:2:11-69
	android:versionCode
		INJECTED from src/main/AndroidManifest.xml
		INJECTED from src/main/AndroidManifest.xml
	android:installLocation
		ADDED from src/main/AndroidManifest.xml:4:11-51
uses-permission#com.android.launcher.permission.INSTALL_SHORTCUT
ADDED from src/main/AndroidManifest.xml:7:5-87
	android:name
		ADDED from src/main/AndroidManifest.xml:7:22-85
uses-permission#android.permission.WRITE_SETTINGS
ADDED from src/main/AndroidManifest.xml:8:5-72
	android:name
		ADDED from src/main/AndroidManifest.xml:8:22-70
uses-permission#android.permission.USE_CREDENTIALS
ADDED from src/main/AndroidManifest.xml:11:5-73
	android:name
		ADDED from src/main/AndroidManifest.xml:11:22-71
uses-permission#android.permission.READ_OWNER_DATA
ADDED from src/main/AndroidManifest.xml:13:5-73
	android:name
		ADDED from src/main/AndroidManifest.xml:13:22-71
uses-permission#android.permission.CAMERA
ADDED from src/main/AndroidManifest.xml:15:5-64
	android:name
		ADDED from src/main/AndroidManifest.xml:15:22-62
uses-permission#android.permission.VIBRATE
ADDED from src/main/AndroidManifest.xml:17:5-65
	android:name
		ADDED from src/main/AndroidManifest.xml:17:22-63
uses-permission#android.permission.MODIFY_AUDIO_SETTINGS
ADDED from src/main/AndroidManifest.xml:19:5-79
	android:name
		ADDED from src/main/AndroidManifest.xml:19:22-77
permission#oem.permission.SENDMAIL
ADDED from src/main/AndroidManifest.xml:21:5-23:43
	android:protectionLevel
		ADDED from src/main/AndroidManifest.xml:23:9-41
	android:name
		ADDED from src/main/AndroidManifest.xml:22:9-47
uses-feature#android.hardware.camera.autofocus
ADDED from src/main/AndroidManifest.xml:25:5-27:35
	android:required
		ADDED from src/main/AndroidManifest.xml:27:9-33
	android:name
		ADDED from src/main/AndroidManifest.xml:26:9-57
uses-permission#android.permission.RECEIVE_BOOT_COMPLETED
ADDED from src/main/AndroidManifest.xml:30:5-80
	android:name
		ADDED from src/main/AndroidManifest.xml:30:22-78
uses-permission#android.permission.WRITE_EXTERNAL_STORAGE
ADDED from src/main/AndroidManifest.xml:31:5-80
	android:name
		ADDED from src/main/AndroidManifest.xml:31:22-78
uses-permission#android.permission.ACCESS_DOWNLOAD_MANAGER
ADDED from src/main/AndroidManifest.xml:32:5-81
	android:name
		ADDED from src/main/AndroidManifest.xml:32:22-79
uses-permission#android.permission.DOWNLOAD_WITHOUT_NOTIFICATION
ADDED from src/main/AndroidManifest.xml:33:5-87
	android:name
		ADDED from src/main/AndroidManifest.xml:33:22-85
uses-permission#android.permission.DISABLE_KEYGUARD
ADDED from src/main/AndroidManifest.xml:35:5-74
	android:name
		ADDED from src/main/AndroidManifest.xml:35:22-72
uses-permission#android.permission.CHANGE_CONFIGURATION
ADDED from src/main/AndroidManifest.xml:37:5-78
	android:name
		ADDED from src/main/AndroidManifest.xml:37:22-76
uses-permission#android.permission.FLASHLIGHT
ADDED from src/main/AndroidManifest.xml:39:5-68
	android:name
		ADDED from src/main/AndroidManifest.xml:39:22-66
uses-permission#android.permission.READ_CONTACTS
ADDED from src/main/AndroidManifest.xml:41:5-71
	android:name
		ADDED from src/main/AndroidManifest.xml:41:22-69
uses-permission#android.permission.RECEIVE_SMS
ADDED from src/main/AndroidManifest.xml:42:5-69
	android:name
		ADDED from src/main/AndroidManifest.xml:42:22-67
uses-permission#android.permission.GET_TASKS
ADDED from src/main/AndroidManifest.xml:44:5-67
	android:name
		ADDED from src/main/AndroidManifest.xml:44:22-65
uses-permission#android.permission.ACCESS_COARSE_LOCATION
ADDED from src/main/AndroidManifest.xml:46:5-80
	android:name
		ADDED from src/main/AndroidManifest.xml:46:22-78
uses-permission#android.permission.ACCESS_FINE_LOCATION
ADDED from src/main/AndroidManifest.xml:48:5-78
	android:name
		ADDED from src/main/AndroidManifest.xml:48:22-76
uses-permission#android.permission.ACCESS_NETWORK_STATE
ADDED from src/main/AndroidManifest.xml:50:5-78
	android:name
		ADDED from src/main/AndroidManifest.xml:50:22-76
uses-permission#android.permission.ACCESS_WIFI_STATE
ADDED from src/main/AndroidManifest.xml:52:5-75
	android:name
		ADDED from src/main/AndroidManifest.xml:52:22-73
uses-permission#android.permission.CHANGE_WIFI_STATE
ADDED from src/main/AndroidManifest.xml:54:5-75
	android:name
		ADDED from src/main/AndroidManifest.xml:54:22-73
uses-permission#android.permission.INTERNET
ADDED from src/main/AndroidManifest.xml:56:5-66
	android:name
		ADDED from src/main/AndroidManifest.xml:56:22-64
uses-permission#android.permission.READ_PHONE_STATE
ADDED from src/main/AndroidManifest.xml:58:5-74
	android:name
		ADDED from src/main/AndroidManifest.xml:58:22-72
uses-permission#android.permission.MOUNT_UNMOUNT_FILESYSTEMS
ADDED from src/main/AndroidManifest.xml:61:5-83
	android:name
		ADDED from src/main/AndroidManifest.xml:61:22-81
uses-permission#android.permission.READ_EXTERNAL_STORAGE
ADDED from src/main/AndroidManifest.xml:64:5-79
	android:name
		ADDED from src/main/AndroidManifest.xml:64:22-77
uses-permission#android.permission.ACCESS_LOCATION_EXTRA_COMMANDS
ADDED from src/main/AndroidManifest.xml:67:5-88
	android:name
		ADDED from src/main/AndroidManifest.xml:67:22-86
uses-permission#android.permission.CALL_PHONE
ADDED from src/main/AndroidManifest.xml:70:5-68
	android:name
		ADDED from src/main/AndroidManifest.xml:70:22-66
uses-permission#android.permission.READ_LOGS
ADDED from src/main/AndroidManifest.xml:72:5-67
	android:name
		ADDED from src/main/AndroidManifest.xml:72:22-65
uses-permission#android.permission.SET_DEBUG_APP
ADDED from src/main/AndroidManifest.xml:73:5-71
	android:name
		ADDED from src/main/AndroidManifest.xml:73:22-69
uses-permission#android.permission.SYSTEM_ALERT_WINDOW
ADDED from src/main/AndroidManifest.xml:74:5-77
	android:name
		ADDED from src/main/AndroidManifest.xml:74:22-75
uses-permission#android.permission.GET_ACCOUNTS
ADDED from src/main/AndroidManifest.xml:75:5-70
	android:name
		ADDED from src/main/AndroidManifest.xml:75:22-68
uses-permission#android.permission.MANAGE_ACCOUNTS
ADDED from src/main/AndroidManifest.xml:76:5-73
	android:name
		ADDED from src/main/AndroidManifest.xml:76:22-71
supports-screens
ADDED from src/main/AndroidManifest.xml:79:5-85:39
	android:largeScreens
		ADDED from src/main/AndroidManifest.xml:81:9-36
	android:smallScreens
		ADDED from src/main/AndroidManifest.xml:84:9-36
	android:normalScreens
		ADDED from src/main/AndroidManifest.xml:82:9-37
	android:xlargeScreens
		ADDED from src/main/AndroidManifest.xml:85:9-37
	android:resizeable
		ADDED from src/main/AndroidManifest.xml:83:9-34
	android:anyDensity
		ADDED from src/main/AndroidManifest.xml:80:9-34
application
ADDED from src/main/AndroidManifest.xml:87:5-592:19
MERGED from [com.android.support:cardview-v7:25.1.0] AndroidManifest.xml:22:5-20
MERGED from [it.sephiroth.android.library.picasso:picasso:2.5.2.4b] AndroidManifest.xml:11:5-20
MERGED from [com.jungly:GridPasswordView:0.1] AndroidManifest.xml:12:5-20
MERGED from [moneyhll:lib_slide_back:unspecified] AndroidManifest.xml:11:5-20
MERGED from [com.android.support:appcompat-v7:25.0.1] AndroidManifest.xml:25:5-20
MERGED from [com.android.support:support-v4:25.0.1] AndroidManifest.xml:25:5-20
MERGED from [com.android.support:support-fragment:25.0.1] AndroidManifest.xml:25:5-20
MERGED from [com.android.support:support-media-compat:25.0.1] AndroidManifest.xml:25:5-20
MERGED from [com.android.support:support-core-ui:25.0.1] AndroidManifest.xml:25:5-20
MERGED from [com.android.support:support-core-utils:25.0.1] AndroidManifest.xml:25:5-20
MERGED from [com.android.support:animated-vector-drawable:25.0.1] AndroidManifest.xml:22:5-20
MERGED from [com.android.support:support-vector-drawable:25.0.1] AndroidManifest.xml:23:5-20
MERGED from [com.android.support:support-compat:25.0.1] AndroidManifest.xml:25:5-20
MERGED from [com.apkfuns.logutils:library:1.0.4] AndroidManifest.xml:11:5-12:19
MERGED from [com.facebook.stetho:stetho-okhttp3:1.4.2] AndroidManifest.xml:11:5-20
MERGED from [com.facebook.stetho:stetho:1.4.2] AndroidManifest.xml:11:5-20
	android:sharedUserId
		ADDED from src/main/AndroidManifest.xml:92:9-50
	android:label
		ADDED from src/main/AndroidManifest.xml:91:9-41
	android:supportsRtl
		ADDED from src/main/AndroidManifest.xml:93:9-35
	android:allowBackup
		ADDED from src/main/AndroidManifest.xml:89:9-35
	android:icon
		ADDED from src/main/AndroidManifest.xml:90:9-43
	android:theme
		ADDED from src/main/AndroidManifest.xml:94:9-46
	android:name
		ADDED from src/main/AndroidManifest.xml:88:9-38
activity#com.lzhy.moneyhll.home.MainActivity
ADDED from src/main/AndroidManifest.xml:96:9-100:54
	android:screenOrientation
		ADDED from src/main/AndroidManifest.xml:98:13-49
	android:windowSoftInputMode
		ADDED from src/main/AndroidManifest.xml:100:13-52
	android:theme
		ADDED from src/main/AndroidManifest.xml:99:13-49
	android:name
		ADDED from src/main/AndroidManifest.xml:97:13-46
activity#com.lzhy.moneyhll.launcher.GuideActivity
ADDED from src/main/AndroidManifest.xml:101:9-106:20
	android:screenOrientation
		ADDED from src/main/AndroidManifest.xml:105:13-49
	android:launchMode
		ADDED from src/main/AndroidManifest.xml:103:13-43
	android:name
		ADDED from src/main/AndroidManifest.xml:102:13-51
activity#com.lzhy.moneyhll.launcher.SplashActivity
ADDED from src/main/AndroidManifest.xml:107:9-117:20
	android:screenOrientation
		ADDED from src/main/AndroidManifest.xml:111:13-49
	android:launchMode
		ADDED from src/main/AndroidManifest.xml:109:13-43
	android:name
		ADDED from src/main/AndroidManifest.xml:108:13-52
intent-filter#android.intent.action.MAIN+android.intent.category.LAUNCHER
ADDED from src/main/AndroidManifest.xml:112:13-116:29
action#android.intent.action.MAIN
ADDED from src/main/AndroidManifest.xml:113:17-68
	android:name
		ADDED from src/main/AndroidManifest.xml:113:25-66
category#android.intent.category.LAUNCHER
ADDED from src/main/AndroidManifest.xml:115:17-76
	android:name
		ADDED from src/main/AndroidManifest.xml:115:27-74
activity#com.lzhy.moneyhll.gowhere.CampingDetailsActivity
ADDED from src/main/AndroidManifest.xml:118:9-122:51
	android:screenOrientation
		ADDED from src/main/AndroidManifest.xml:122:13-49
	android:launchMode
		ADDED from src/main/AndroidManifest.xml:120:13-43
	android:name
		ADDED from src/main/AndroidManifest.xml:119:13-59
activity#com.lzhy.moneyhll.me.mine.ChongzhiActivity
ADDED from src/main/AndroidManifest.xml:123:9-127:51
	android:screenOrientation
		ADDED from src/main/AndroidManifest.xml:127:13-49
	android:launchMode
		ADDED from src/main/AndroidManifest.xml:125:13-43
	android:name
		ADDED from src/main/AndroidManifest.xml:124:13-53
activity#com.lzhy.moneyhll.home.motorhomeshow.ActivityCarRoomDisplay
ADDED from src/main/AndroidManifest.xml:128:9-132:51
	android:screenOrientation
		ADDED from src/main/AndroidManifest.xml:132:13-49
	android:launchMode
		ADDED from src/main/AndroidManifest.xml:130:13-43
	android:name
		ADDED from src/main/AndroidManifest.xml:129:13-70
activity#com.lzhy.moneyhll.home.dragonball.ActivityDragonBall
ADDED from src/main/AndroidManifest.xml:133:9-137:51
	android:screenOrientation
		ADDED from src/main/AndroidManifest.xml:137:13-49
	android:launchMode
		ADDED from src/main/AndroidManifest.xml:135:13-43
	android:name
		ADDED from src/main/AndroidManifest.xml:134:13-63
activity#com.lzhy.moneyhll.home.bannerbelow.ActivityTicketBook
ADDED from src/main/AndroidManifest.xml:139:9-143:51
	android:screenOrientation
		ADDED from src/main/AndroidManifest.xml:143:13-49
	android:launchMode
		ADDED from src/main/AndroidManifest.xml:141:13-43
	android:name
		ADDED from src/main/AndroidManifest.xml:140:13-64
activity#com.lzhy.moneyhll.home.bannerbelow.ActivityHQualityRoute
ADDED from src/main/AndroidManifest.xml:144:9-148:51
	android:screenOrientation
		ADDED from src/main/AndroidManifest.xml:148:13-49
	android:launchMode
		ADDED from src/main/AndroidManifest.xml:146:13-43
	android:name
		ADDED from src/main/AndroidManifest.xml:145:13-67
activity#com.lzhy.moneyhll.home.bannerbelow.ActivityComProfile
ADDED from src/main/AndroidManifest.xml:149:9-152:45
	android:launchMode
		ADDED from src/main/AndroidManifest.xml:152:13-43
	android:name
		ADDED from src/main/AndroidManifest.xml:150:13-64
activity#com.lzhy.moneyhll.home.bannerbelow.ActivityDetailPage
ADDED from src/main/AndroidManifest.xml:153:9-157:51
	android:screenOrientation
		ADDED from src/main/AndroidManifest.xml:157:13-49
	android:launchMode
		ADDED from src/main/AndroidManifest.xml:155:13-43
	android:name
		ADDED from src/main/AndroidManifest.xml:154:13-64
activity#com.lzhy.moneyhll.me.loginOrRegister.ForgetPassWordActivity
ADDED from src/main/AndroidManifest.xml:159:9-163:51
	android:screenOrientation
		ADDED from src/main/AndroidManifest.xml:163:13-49
	android:launchMode
		ADDED from src/main/AndroidManifest.xml:161:13-43
	android:name
		ADDED from src/main/AndroidManifest.xml:160:13-70
activity#com.lzhy.moneyhll.me.loginOrRegister.RegisterActivity
ADDED from src/main/AndroidManifest.xml:164:9-168:51
	android:screenOrientation
		ADDED from src/main/AndroidManifest.xml:168:13-49
	android:launchMode
		ADDED from src/main/AndroidManifest.xml:166:13-43
	android:name
		ADDED from src/main/AndroidManifest.xml:165:13-64
activity#com.lzhy.moneyhll.me.loginOrRegister.ResetPassWordActivity
ADDED from src/main/AndroidManifest.xml:169:9-173:51
	android:screenOrientation
		ADDED from src/main/AndroidManifest.xml:173:13-49
	android:launchMode
		ADDED from src/main/AndroidManifest.xml:171:13-43
	android:name
		ADDED from src/main/AndroidManifest.xml:170:13-69
activity#com.lzhy.moneyhll.me.loginOrRegister.LoginActivity
ADDED from src/main/AndroidManifest.xml:176:9-180:51
	android:screenOrientation
		ADDED from src/main/AndroidManifest.xml:180:13-49
	android:launchMode
		ADDED from src/main/AndroidManifest.xml:178:13-44
	android:name
		ADDED from src/main/AndroidManifest.xml:177:13-61
activity#com.lzhy.moneyhll.me.mine.AddressActivity
ADDED from src/main/AndroidManifest.xml:181:9-185:51
	android:screenOrientation
		ADDED from src/main/AndroidManifest.xml:185:13-49
	android:launchMode
		ADDED from src/main/AndroidManifest.xml:183:13-43
	android:name
		ADDED from src/main/AndroidManifest.xml:182:13-52
activity#com.lzhy.moneyhll.me.mine.BindRollActivity
ADDED from src/main/AndroidManifest.xml:186:9-190:51
	android:screenOrientation
		ADDED from src/main/AndroidManifest.xml:190:13-49
	android:launchMode
		ADDED from src/main/AndroidManifest.xml:188:13-43
	android:name
		ADDED from src/main/AndroidManifest.xml:187:13-53
activity#com.lzhy.moneyhll.me.mine.give.GiveActivity
ADDED from src/main/AndroidManifest.xml:191:9-195:51
	android:screenOrientation
		ADDED from src/main/AndroidManifest.xml:195:13-49
	android:launchMode
		ADDED from src/main/AndroidManifest.xml:193:13-43
	android:name
		ADDED from src/main/AndroidManifest.xml:192:13-54
activity#com.lzhy.moneyhll.me.mine.userInfo.MineActivity
ADDED from src/main/AndroidManifest.xml:196:9-200:51
	android:screenOrientation
		ADDED from src/main/AndroidManifest.xml:200:13-49
	android:launchMode
		ADDED from src/main/AndroidManifest.xml:198:13-43
	android:name
		ADDED from src/main/AndroidManifest.xml:197:13-58
activity#com.lzhy.moneyhll.me.mine.MotorHomeRollActivity
ADDED from src/main/AndroidManifest.xml:201:9-205:51
	android:screenOrientation
		ADDED from src/main/AndroidManifest.xml:205:13-49
	android:launchMode
		ADDED from src/main/AndroidManifest.xml:203:13-43
	android:name
		ADDED from src/main/AndroidManifest.xml:202:13-58
activity#com.lzhy.moneyhll.me.order.AppointmentActivity
ADDED from src/main/AndroidManifest.xml:206:9-210:51
	android:screenOrientation
		ADDED from src/main/AndroidManifest.xml:210:13-49
	android:launchMode
		ADDED from src/main/AndroidManifest.xml:208:13-43
	android:name
		ADDED from src/main/AndroidManifest.xml:207:13-57
activity#com.lzhy.moneyhll.me.order.MyOrderActivity
ADDED from src/main/AndroidManifest.xml:211:9-215:51
	android:screenOrientation
		ADDED from src/main/AndroidManifest.xml:215:13-49
	android:launchMode
		ADDED from src/main/AndroidManifest.xml:213:13-43
	android:name
		ADDED from src/main/AndroidManifest.xml:212:13-53
activity#com.lzhy.moneyhll.me.mine.give.GiveFriendActivity
ADDED from src/main/AndroidManifest.xml:216:9-220:51
	android:screenOrientation
		ADDED from src/main/AndroidManifest.xml:220:13-49
	android:launchMode
		ADDED from src/main/AndroidManifest.xml:218:13-43
	android:name
		ADDED from src/main/AndroidManifest.xml:217:13-60
activity#com.lzhy.moneyhll.me.mine.wallet.TixianActivity
ADDED from src/main/AndroidManifest.xml:221:9-225:51
	android:screenOrientation
		ADDED from src/main/AndroidManifest.xml:225:13-49
	android:launchMode
		ADDED from src/main/AndroidManifest.xml:223:13-43
	android:name
		ADDED from src/main/AndroidManifest.xml:222:13-58
activity#com.lzhy.moneyhll.me.mine.wallet.TiXianApplyActivity
ADDED from src/main/AndroidManifest.xml:226:9-230:51
	android:screenOrientation
		ADDED from src/main/AndroidManifest.xml:230:13-49
	android:launchMode
		ADDED from src/main/AndroidManifest.xml:228:13-43
	android:name
		ADDED from src/main/AndroidManifest.xml:227:13-63
activity#com.lzhy.moneyhll.me.mine.MakeDragonBallActivity
ADDED from src/main/AndroidManifest.xml:231:9-235:51
	android:screenOrientation
		ADDED from src/main/AndroidManifest.xml:235:13-49
	android:launchMode
		ADDED from src/main/AndroidManifest.xml:233:13-43
	android:name
		ADDED from src/main/AndroidManifest.xml:232:13-59
activity#com.lzhy.moneyhll.me.mine.MotorhomeAppointActivity
ADDED from src/main/AndroidManifest.xml:236:9-240:51
	android:screenOrientation
		ADDED from src/main/AndroidManifest.xml:240:13-49
	android:launchMode
		ADDED from src/main/AndroidManifest.xml:238:13-43
	android:name
		ADDED from src/main/AndroidManifest.xml:237:13-61
activity#com.lzhy.moneyhll.me.mine.ScanActivity
ADDED from src/main/AndroidManifest.xml:241:9-245:51
	android:screenOrientation
		ADDED from src/main/AndroidManifest.xml:245:13-49
	android:launchMode
		ADDED from src/main/AndroidManifest.xml:243:13-43
	android:name
		ADDED from src/main/AndroidManifest.xml:242:13-49
activity#com.lzhy.moneyhll.me.mine.userInfo.ResetPayPwdActivity
ADDED from src/main/AndroidManifest.xml:246:9-250:51
	android:screenOrientation
		ADDED from src/main/AndroidManifest.xml:250:13-49
	android:launchMode
		ADDED from src/main/AndroidManifest.xml:248:13-43
	android:name
		ADDED from src/main/AndroidManifest.xml:247:13-65
activity#com.lzhy.moneyhll.me.mine.userInfo.SetPayPassWordActivity
ADDED from src/main/AndroidManifest.xml:251:9-255:51
	android:screenOrientation
		ADDED from src/main/AndroidManifest.xml:255:13-49
	android:launchMode
		ADDED from src/main/AndroidManifest.xml:253:13-43
	android:name
		ADDED from src/main/AndroidManifest.xml:252:13-68
activity#com.lzhy.moneyhll.me.mine.wallet.TiXianRecordActivity
ADDED from src/main/AndroidManifest.xml:256:9-260:51
	android:screenOrientation
		ADDED from src/main/AndroidManifest.xml:260:13-49
	android:launchMode
		ADDED from src/main/AndroidManifest.xml:258:13-43
	android:name
		ADDED from src/main/AndroidManifest.xml:257:13-64
activity#com.lzhy.moneyhll.me.mine.wallet.WalletActivity
ADDED from src/main/AndroidManifest.xml:261:9-265:51
	android:screenOrientation
		ADDED from src/main/AndroidManifest.xml:265:13-49
	android:launchMode
		ADDED from src/main/AndroidManifest.xml:263:13-43
	android:name
		ADDED from src/main/AndroidManifest.xml:262:13-58
activity#com.lzhy.moneyhll.me.mine.wallet.MyTeamActivity
ADDED from src/main/AndroidManifest.xml:266:9-270:51
	android:screenOrientation
		ADDED from src/main/AndroidManifest.xml:270:13-49
	android:launchMode
		ADDED from src/main/AndroidManifest.xml:268:13-43
	android:name
		ADDED from src/main/AndroidManifest.xml:267:13-58
activity#com.lzhy.moneyhll.me.mine.userInfo.SettingLoginPswActivity
ADDED from src/main/AndroidManifest.xml:271:9-275:51
	android:screenOrientation
		ADDED from src/main/AndroidManifest.xml:275:13-49
	android:launchMode
		ADDED from src/main/AndroidManifest.xml:273:13-43
	android:name
		ADDED from src/main/AndroidManifest.xml:272:13-69
activity#com.lzhy.moneyhll.me.order.ProjectOrderActivity
ADDED from src/main/AndroidManifest.xml:276:9-280:51
	android:screenOrientation
		ADDED from src/main/AndroidManifest.xml:280:13-49
	android:launchMode
		ADDED from src/main/AndroidManifest.xml:278:13-43
	android:name
		ADDED from src/main/AndroidManifest.xml:277:13-58
activity#com.lzhy.moneyhll.me.order.NotUseOrderDetailsActivity
ADDED from src/main/AndroidManifest.xml:281:9-285:51
	android:screenOrientation
		ADDED from src/main/AndroidManifest.xml:285:13-49
	android:launchMode
		ADDED from src/main/AndroidManifest.xml:283:13-43
	android:name
		ADDED from src/main/AndroidManifest.xml:282:13-64
activity#com.lzhy.moneyhll.me.mine.wallet.EarningActivity
ADDED from src/main/AndroidManifest.xml:286:9-290:51
	android:screenOrientation
		ADDED from src/main/AndroidManifest.xml:290:13-49
	android:launchMode
		ADDED from src/main/AndroidManifest.xml:288:13-43
	android:name
		ADDED from src/main/AndroidManifest.xml:287:13-59
activity#com.lzhy.moneyhll.me.order.AlreadyUsedActivity
ADDED from src/main/AndroidManifest.xml:291:9-295:51
	android:screenOrientation
		ADDED from src/main/AndroidManifest.xml:295:13-49
	android:launchMode
		ADDED from src/main/AndroidManifest.xml:293:13-43
	android:name
		ADDED from src/main/AndroidManifest.xml:292:13-57
activity#com.lzhy.moneyhll.me.mine.wallet.MyEarningActivity
ADDED from src/main/AndroidManifest.xml:296:9-300:51
	android:screenOrientation
		ADDED from src/main/AndroidManifest.xml:300:13-49
	android:launchMode
		ADDED from src/main/AndroidManifest.xml:298:13-43
	android:name
		ADDED from src/main/AndroidManifest.xml:297:13-61
activity#com.lzhy.moneyhll.me.order.GoodsOrderActivity
ADDED from src/main/AndroidManifest.xml:301:9-305:51
	android:screenOrientation
		ADDED from src/main/AndroidManifest.xml:305:13-49
	android:launchMode
		ADDED from src/main/AndroidManifest.xml:303:13-43
	android:name
		ADDED from src/main/AndroidManifest.xml:302:13-56
activity#com.lzhy.moneyhll.playwhat.PlayWhatListActivity
ADDED from src/main/AndroidManifest.xml:306:9-310:51
	android:screenOrientation
		ADDED from src/main/AndroidManifest.xml:310:13-49
	android:launchMode
		ADDED from src/main/AndroidManifest.xml:308:13-43
	android:name
		ADDED from src/main/AndroidManifest.xml:307:13-58
activity#com.lzhy.moneyhll.me.mine.AddOrChangeAddressActivity
ADDED from src/main/AndroidManifest.xml:311:9-315:51
	android:screenOrientation
		ADDED from src/main/AndroidManifest.xml:315:13-49
	android:launchMode
		ADDED from src/main/AndroidManifest.xml:313:13-43
	android:name
		ADDED from src/main/AndroidManifest.xml:312:13-63
activity#com.lzhy.moneyhll.home.motorhomeshow.MotorhomeShowActivity
ADDED from src/main/AndroidManifest.xml:316:9-320:51
	android:screenOrientation
		ADDED from src/main/AndroidManifest.xml:320:13-49
	android:launchMode
		ADDED from src/main/AndroidManifest.xml:318:13-43
	android:name
		ADDED from src/main/AndroidManifest.xml:317:13-69
activity#com.lzhy.moneyhll.home.BuyStockActivity
ADDED from src/main/AndroidManifest.xml:321:9-325:51
	android:screenOrientation
		ADDED from src/main/AndroidManifest.xml:325:13-49
	android:launchMode
		ADDED from src/main/AndroidManifest.xml:323:13-43
	android:name
		ADDED from src/main/AndroidManifest.xml:322:13-50
activity#com.lzhy.moneyhll.home.banner.BannerDetailActivity
ADDED from src/main/AndroidManifest.xml:326:9-330:51
	android:screenOrientation
		ADDED from src/main/AndroidManifest.xml:330:13-49
	android:launchMode
		ADDED from src/main/AndroidManifest.xml:328:13-43
	android:name
		ADDED from src/main/AndroidManifest.xml:327:13-61
activity#com.zxing.activity.CaptureActivity
ADDED from src/main/AndroidManifest.xml:332:9-336:51
	android:screenOrientation
		ADDED from src/main/AndroidManifest.xml:336:13-49
	android:launchMode
		ADDED from src/main/AndroidManifest.xml:334:13-43
	android:name
		ADDED from src/main/AndroidManifest.xml:333:13-62
activity#com.lzhy.moneyhll.playwhat.ProjcetDetailsActivity
ADDED from src/main/AndroidManifest.xml:337:9-341:51
	android:screenOrientation
		ADDED from src/main/AndroidManifest.xml:341:13-49
	android:launchMode
		ADDED from src/main/AndroidManifest.xml:339:13-43
	android:name
		ADDED from src/main/AndroidManifest.xml:338:13-60
activity#com.lzhy.moneyhll.home.motorhomeshow.MororhomeShowDetailsActivity
ADDED from src/main/AndroidManifest.xml:342:9-346:51
	android:screenOrientation
		ADDED from src/main/AndroidManifest.xml:346:13-49
	android:launchMode
		ADDED from src/main/AndroidManifest.xml:344:13-43
	android:name
		ADDED from src/main/AndroidManifest.xml:343:13-76
activity#com.lzhy.moneyhll.home.dragonball.GoodsSureActivity
ADDED from src/main/AndroidManifest.xml:347:9-351:51
	android:screenOrientation
		ADDED from src/main/AndroidManifest.xml:351:13-49
	android:launchMode
		ADDED from src/main/AndroidManifest.xml:349:13-43
	android:name
		ADDED from src/main/AndroidManifest.xml:348:13-62
activity#com.lzhy.moneyhll.home.dragonball.DragonBallDetailsActivity
ADDED from src/main/AndroidManifest.xml:352:9-357:20
	android:screenOrientation
		ADDED from src/main/AndroidManifest.xml:356:13-49
	android:launchMode
		ADDED from src/main/AndroidManifest.xml:354:13-43
	android:name
		ADDED from src/main/AndroidManifest.xml:353:13-70
activity#com.lzhy.moneyhll.me.mine.MotorhomeAppointDetailsActivity
ADDED from src/main/AndroidManifest.xml:358:9-362:51
	android:screenOrientation
		ADDED from src/main/AndroidManifest.xml:362:13-49
	android:launchMode
		ADDED from src/main/AndroidManifest.xml:360:13-43
	android:name
		ADDED from src/main/AndroidManifest.xml:359:13-68
activity#com.lzhy.moneyhll.MapActivity
ADDED from src/main/AndroidManifest.xml:363:9-367:51
	android:screenOrientation
		ADDED from src/main/AndroidManifest.xml:367:13-49
	android:launchMode
		ADDED from src/main/AndroidManifest.xml:365:13-43
	android:name
		ADDED from src/main/AndroidManifest.xml:364:13-40
service#com.amap.api.location.APSService
ADDED from src/main/AndroidManifest.xml:369:9-67
	android:name
		ADDED from src/main/AndroidManifest.xml:369:18-65
meta-data#com.amap.api.v2.apikey
ADDED from src/main/AndroidManifest.xml:370:9-372:63
	android:value
		ADDED from src/main/AndroidManifest.xml:372:13-61
	android:name
		ADDED from src/main/AndroidManifest.xml:371:13-50
activity#com.alipay.sdk.app.H5PayActivity
ADDED from src/main/AndroidManifest.xml:375:9-381:69
	android:screenOrientation
		ADDED from src/main/AndroidManifest.xml:379:13-47
	android:exported
		ADDED from src/main/AndroidManifest.xml:378:13-37
	android:windowSoftInputMode
		ADDED from src/main/AndroidManifest.xml:381:13-67
	android:configChanges
		ADDED from src/main/AndroidManifest.xml:377:13-85
	android:name
		ADDED from src/main/AndroidManifest.xml:376:13-60
activity#com.alipay.sdk.app.H5AuthActivity
ADDED from src/main/AndroidManifest.xml:382:9-388:69
	android:screenOrientation
		ADDED from src/main/AndroidManifest.xml:387:13-47
	android:exported
		ADDED from src/main/AndroidManifest.xml:385:13-37
	android:windowSoftInputMode
		ADDED from src/main/AndroidManifest.xml:388:13-67
	android:configChanges
		ADDED from src/main/AndroidManifest.xml:384:13-74
	android:name
		ADDED from src/main/AndroidManifest.xml:383:13-61
activity#com.lzhy.moneyhll.wxapi.WXPayEntryActivity
ADDED from src/main/AndroidManifest.xml:390:9-403:20
	android:screenOrientation
		ADDED from src/main/AndroidManifest.xml:395:13-49
	android:launchMode
		ADDED from src/main/AndroidManifest.xml:394:13-43
	android:exported
		ADDED from src/main/AndroidManifest.xml:392:13-36
	android:name
		ADDED from src/main/AndroidManifest.xml:391:13-53
intent-filter#android.intent.action.VIEW+android.intent.category.DEFAULT
ADDED from src/main/AndroidManifest.xml:396:13-402:29
action#android.intent.action.VIEW
ADDED from src/main/AndroidManifest.xml:397:17-68
	android:name
		ADDED from src/main/AndroidManifest.xml:397:25-66
category#android.intent.category.DEFAULT
ADDED from src/main/AndroidManifest.xml:399:17-75
	android:name
		ADDED from src/main/AndroidManifest.xml:399:27-73
data
ADDED from src/main/AndroidManifest.xml:401:17-60
	android:scheme
		ADDED from src/main/AndroidManifest.xml:401:23-58
receiver#com.lzhy.moneyhll.wxapi.AppRegister
ADDED from src/main/AndroidManifest.xml:405:9-410:20
	android:name
		ADDED from src/main/AndroidManifest.xml:405:19-52
intent-filter#com.tencent.mm.plugin.openapi.Intent.ACTION_REFRESH_WXAPP
ADDED from src/main/AndroidManifest.xml:407:13-409:29
action#com.tencent.mm.plugin.openapi.Intent.ACTION_REFRESH_WXAPP
ADDED from src/main/AndroidManifest.xml:408:17-99
	android:name
		ADDED from src/main/AndroidManifest.xml:408:25-97
activity#com.lzhy.moneyhll.home.makerproject.BuyProjectActivity
ADDED from src/main/AndroidManifest.xml:412:9-416:51
	android:screenOrientation
		ADDED from src/main/AndroidManifest.xml:416:13-49
	android:launchMode
		ADDED from src/main/AndroidManifest.xml:415:13-43
	android:name
		ADDED from src/main/AndroidManifest.xml:413:13-65
activity#com.lzhy.moneyhll.home.makerproject.MakerListActivity
ADDED from src/main/AndroidManifest.xml:417:9-421:51
	android:screenOrientation
		ADDED from src/main/AndroidManifest.xml:421:13-49
	android:launchMode
		ADDED from src/main/AndroidManifest.xml:419:13-43
	android:name
		ADDED from src/main/AndroidManifest.xml:418:13-64
activity#com.lzhy.moneyhll.home.makerproject.MakerDetailsActivity
ADDED from src/main/AndroidManifest.xml:422:9-426:51
	android:screenOrientation